\BOOKMARK [1][-]{section.0.1}{\376\377\000C\000o\000n\000f\000i\000g\000u\000r\000a\000z\000i\000o\000n\000e\000\040\000d\000e\000l\000\040\000S\000i\000s\000t\000e\000m\000a\000\040\000e\000\040\000L\000o\000g\000i\000c\000a\000\040\000d\000i\000\040\000S\000v\000i\000l\000u\000p\000p\000o}{}% 1
\BOOKMARK [2][-]{subsection.0.1.1}{\376\377\000P\000a\000s\000s\000a\000g\000g\000i\000\040\000I\000n\000f\000o\000r\000m\000a\000t\000i\000c\000i\000\040\000p\000e\000r\000\040\000l\000a\000\040\000C\000o\000n\000f\000i\000g\000u\000r\000a\000z\000i\000o\000n\000e}{section.0.1}% 2
\BOOKMARK [2][-]{subsection.0.1.2}{\376\377\000L\000o\000g\000i\000c\000a\000\040\000d\000e\000i\000\040\000C\000o\000m\000p\000o\000n\000e\000n\000t\000i}{section.0.1}% 3
\BOOKMARK [2][-]{subsection.0.1.3}{\376\377\000V\000a\000n\000t\000a\000g\000g\000i\000\040\000r\000i\000s\000p\000e\000t\000t\000o\000\040\000a\000\040\000C\000o\000d\000e\000:\000:\000B\000l\000o\000c\000k\000s}{section.0.1}% 4
\BOOKMARK [1][-]{section.0.2}{\376\377\000D\000e\000s\000c\000r\000i\000z\000i\000o\000n\000e\000\040\000d\000e\000l\000l\000'\000E\000s\000e\000r\000c\000i\000t\000a\000z\000i\000o\000n\000e}{}% 5
\BOOKMARK [2][-]{subsection.0.2.1}{\376\377\000S\000c\000o\000p\000o\000\040\000e\000\040\000O\000b\000i\000e\000t\000t\000i\000v\000i}{section.0.2}% 6
\BOOKMARK [2][-]{subsection.0.2.2}{\376\377\000D\000e\000t\000t\000a\000g\000l\000i\000\040\000d\000e\000l\000l\000'\000A\000t\000t\000u\000a\000z\000i\000o\000n\000e}{section.0.2}% 7
\BOOKMARK [1][-]{section.0.3}{\376\377\000G\000e\000n\000e\000r\000a\000z\000i\000o\000n\000e\000\040\000d\000e\000l\000l\000a\000\040\000M\000e\000s\000h\000\040\000c\000o\000n\000\040\000g\000m\000s\000h}{}% 8
\BOOKMARK [2][-]{subsection.0.3.1}{\376\377\000R\000u\000o\000l\000o\000\040\000d\000e\000l\000l\000a\000\040\000D\000i\000s\000c\000r\000e\000t\000i\000z\000z\000a\000z\000i\000o\000n\000e\000\040\000S\000p\000a\000z\000i\000a\000l\000e}{section.0.3}% 9
\BOOKMARK [2][-]{subsection.0.3.2}{\376\377\000L\000o\000g\000i\000c\000a\000\040\000d\000i\000\040\000R\000a\000f\000f\000i\000n\000a\000m\000e\000n\000t\000o\000\040\000e\000\040\000A\000l\000g\000o\000r\000i\000t\000m\000i\000\040\000d\000i\000\040\000G\000e\000n\000e\000r\000a\000z\000i\000o\000n\000e}{section.0.3}% 10
\BOOKMARK [2][-]{subsection.0.3.3}{\376\377\000I\000l\000\040\000S\000o\000f\000t\000w\000a\000r\000e\000\040\000g\000m\000s\000h}{section.0.3}% 11
\BOOKMARK [2][-]{subsection.0.3.4}{\376\377\000G\000r\000i\000g\000l\000i\000e\000\040\000S\000t\000r\000u\000t\000t\000u\000r\000a\000t\000e\000\040\000e\000\040\000N\000o\000n\000\040\000S\000t\000r\000u\000t\000t\000u\000r\000a\000t\000e}{section.0.3}% 12
\BOOKMARK [1][-]{section.0.4}{\376\377\000I\000l\000\040\000F\000i\000l\000e\000\040\000.\000g\000e\000o\000\040\000d\000i\000\040\000g\000m\000s\000h}{}% 13
\BOOKMARK [2][-]{subsection.0.4.1}{\376\377\000D\000e\000f\000i\000n\000i\000z\000i\000o\000n\000e\000\040\000d\000e\000l\000l\000a\000\040\000G\000e\000o\000m\000e\000t\000r\000i\000a}{section.0.4}% 14
\BOOKMARK [2][-]{subsection.0.4.2}{\376\377\000M\000e\000s\000h\000\040\000N\000o\000n\000\040\000S\000t\000r\000u\000t\000t\000u\000r\000a\000t\000a\000:\000\040\000C\000a\000m\000p\000i\000\040\000d\000i\000\040\000R\000a\000f\000f\000i\000n\000a\000m\000e\000n\000t\000o}{section.0.4}% 15
\BOOKMARK [2][-]{subsection.0.4.3}{\376\377\000S\000t\000r\000u\000t\000t\000u\000r\000a\000\040\000d\000e\000l\000\040\000F\000i\000l\000e\000\040\000.\000m\000s\000h\000:\000\040\000G\000l\000i\000\040\000E\000l\000e\000m\000e\000n\000t\000i}{section.0.4}% 16
\BOOKMARK [1][-]{section.0.5}{\376\377\000I\000l\000\040\000C\000o\000d\000i\000c\000e\000\040\000C\000F\000D\000\040\000i\000n\000\040\000F\000o\000r\000t\000r\000a\000n\000\040\0009\0000}{}% 17
\BOOKMARK [2][-]{subsection.0.5.1}{\376\377\000E\000q\000u\000a\000z\000i\000o\000n\000i\000\040\000d\000i\000\040\000G\000o\000v\000e\000r\000n\000o\000:\000\040\000E\000u\000l\000e\000r\000o\000\040\0002\000D}{section.0.5}% 18
\BOOKMARK [2][-]{subsection.0.5.2}{\376\377\000A\000d\000i\000m\000e\000n\000s\000i\000o\000n\000a\000l\000i\000z\000z\000a\000z\000i\000o\000n\000e}{section.0.5}% 19
\BOOKMARK [2][-]{subsection.0.5.3}{\376\377\000D\000i\000s\000c\000r\000e\000t\000i\000z\000z\000a\000z\000i\000o\000n\000e\000\040\000a\000\040\000V\000o\000l\000u\000m\000i\000\040\000F\000i\000n\000i\000t\000i}{section.0.5}% 20
\BOOKMARK [2][-]{subsection.0.5.4}{\376\377\000C\000a\000l\000c\000o\000l\000o\000\040\000d\000e\000i\000\040\000F\000l\000u\000s\000s\000i\000:\000\040\000S\000c\000h\000e\000m\000a\000\040\000d\000i\000\040\000L\000a\000x\040\023\000F\000r\000i\000e\000d\000r\000i\000c\000h\000s\000\040\000e\000\040\000S\000c\000h\000e\000m\000a\000\040\000d\000i\000\040\000R\000o\000e}{section.0.5}% 21
\BOOKMARK [2][-]{subsection.0.5.5}{\376\377\000I\000n\000t\000e\000g\000r\000a\000z\000i\000o\000n\000e\000\040\000T\000e\000m\000p\000o\000r\000a\000l\000e}{section.0.5}% 22
\BOOKMARK [2][-]{subsection.0.5.6}{\376\377\000C\000o\000n\000d\000i\000z\000i\000o\000n\000i\000\040\000a\000l\000\040\000C\000o\000n\000t\000o\000r\000n\000o}{section.0.5}% 23
\BOOKMARK [2][-]{subsection.0.5.7}{\376\377\000A\000n\000a\000l\000i\000s\000i\000\040\000d\000i\000\040\000C\000o\000n\000v\000e\000r\000g\000e\000n\000z\000a\000\040\000d\000e\000l\000l\000a\000\040\000G\000r\000i\000g\000l\000i\000a}{section.0.5}% 24
\BOOKMARK [0][-]{chapter.1}{\376\377\000C\000o\000n\000d\000o\000t\000t\000o\000\040\000c\000o\000n\000\040\000B\000u\000m\000p\000\040\040\023\000\040\000A\000n\000a\000l\000i\000s\000i\000\040\000d\000i\000\040\000C\000o\000n\000v\000e\000r\000g\000e\000n\000z\000a}{}% 25
\BOOKMARK [1][-]{section.1.1}{\376\377\000D\000e\000s\000c\000r\000i\000z\000i\000o\000n\000e\000\040\000d\000e\000l\000\040\000C\000a\000s\000o\000\040\000S\000t\000u\000d\000i\000o}{chapter.1}% 26
\BOOKMARK [1][-]{section.1.2}{\376\377\000G\000e\000n\000e\000r\000a\000z\000i\000o\000n\000e\000\040\000d\000e\000l\000l\000a\000\040\000M\000e\000s\000h\000\040\040\023\000\040\000F\000i\000l\000e\000\040\000b\000u\000m\000p\000.\000g\000e\000o}{chapter.1}% 27
\BOOKMARK [2][-]{subsection.1.2.1}{\376\377\000S\000t\000r\000u\000t\000t\000u\000r\000a\000\040\000G\000e\000n\000e\000r\000a\000l\000e\000\040\000d\000e\000l\000\040\000F\000i\000l\000e}{section.1.2}% 28
\BOOKMARK [2][-]{subsection.1.2.2}{\376\377\000D\000e\000f\000i\000n\000i\000z\000i\000o\000n\000e\000\040\000d\000e\000l\000l\000a\000\040\000M\000e\000s\000h\000\040\000S\000t\000r\000u\000t\000t\000u\000r\000a\000t\000a}{section.1.2}% 29
\BOOKMARK [1][-]{section.1.3}{\376\377\000M\000e\000s\000h\000\040\000N\000o\000n\000\040\000S\000t\000r\000u\000t\000t\000u\000r\000a\000t\000a\000\040\040\023\000\040\000F\000i\000l\000e\000\040\000b\000u\000m\000p\000\137\000u\000n\000s\000t\000r\000.\000g\000e\000o}{chapter.1}% 30
\BOOKMARK [1][-]{section.1.4}{\376\377\000C\000o\000n\000d\000i\000z\000i\000o\000n\000i\000\040\000a\000l\000\040\000C\000o\000n\000t\000o\000r\000n\000o\000\040\000e\000\040\000P\000a\000r\000a\000m\000e\000t\000r\000i\000\040\000d\000e\000l\000l\000a\000\040\000S\000i\000m\000u\000l\000a\000z\000i\000o\000n\000e}{chapter.1}% 31
\BOOKMARK [1][-]{section.1.5}{\376\377\000A\000n\000a\000l\000i\000s\000i\000\040\000d\000i\000\040\000C\000o\000n\000v\000e\000r\000g\000e\000n\000z\000a\000\040\000d\000e\000l\000l\000a\000\040\000G\000r\000i\000g\000l\000i\000a}{chapter.1}% 32
\BOOKMARK [2][-]{subsection.1.5.1}{\376\377\000R\000a\000f\000f\000i\000n\000a\000m\000e\000n\000t\000o\000\040\000P\000r\000o\000g\000r\000e\000s\000s\000i\000v\000o}{section.1.5}% 33
\BOOKMARK [2][-]{subsection.1.5.2}{\376\377\000C\000a\000m\000p\000o\000\040\000d\000i\000\040\000M\000a\000c\000h\000\040\000e\000\040\000E\000n\000t\000r\000o\000p\000i\000a}{section.1.5}% 34
\BOOKMARK [2][-]{subsection.1.5.3}{\376\377\000N\000o\000r\000m\000a\000\040\000L\0002\000\040\000d\000e\000l\000l\000'\000E\000n\000t\000r\000o\000p\000i\000a\000\040\000e\000\040\000O\000r\000d\000i\000n\000e\000\040\000d\000i\000\040\000C\000o\000n\000v\000e\000r\000g\000e\000n\000z\000a}{section.1.5}% 35
\BOOKMARK [2][-]{subsection.1.5.4}{\376\377\000C\000o\000n\000s\000i\000d\000e\000r\000a\000z\000i\000o\000n\000i\000\040\000s\000u\000l\000l\000a\000\040\000S\000c\000e\000l\000t\000a\000\040\000d\000e\000l\000l\000o\000\040\000S\000c\000h\000e\000m\000a\000\040\000N\000u\000m\000e\000r\000i\000c\000o}{section.1.5}% 36
\BOOKMARK [0][-]{chapter.2}{\376\377\000P\000r\000e\000s\000a\000\040\000d\000'\000A\000r\000i\000a\000\040\000a\000\040\000D\000o\000p\000p\000i\000a\000\040\000R\000a\000m\000p\000a}{}% 37
\BOOKMARK [1][-]{section.2.1}{\376\377\000D\000e\000s\000c\000r\000i\000z\000i\000o\000n\000e\000\040\000d\000e\000l\000\040\000C\000a\000s\000o\000\040\000S\000t\000u\000d\000i\000o}{chapter.2}% 38
\BOOKMARK [1][-]{section.2.2}{\376\377\000G\000e\000o\000m\000e\000t\000r\000i\000a\000\040\040\023\000\040\000V\000e\000r\000s\000i\000o\000n\000e\000\040\000R\000e\000a\000l\000e\000\040\000e\000\040\000S\000e\000m\000p\000l\000i\000f\000i\000c\000a\000t\000a}{chapter.2}% 39
\BOOKMARK [2][-]{subsection.2.2.1}{\376\377\000G\000e\000o\000m\000e\000t\000r\000i\000a\000\040\000R\000e\000a\000l\000e\000\040\040\023\000\040\000F\000i\000l\000e\000\040\000d\000o\000p\000p\000i\000a\000\137\000p\000r\000e\000s\000a\000\137\000r\000e\000a\000l\000e\000.\000g\000e\000o}{section.2.2}% 40
\BOOKMARK [2][-]{subsection.2.2.2}{\376\377\000G\000e\000o\000m\000e\000t\000r\000i\000a\000\040\000S\000e\000m\000p\000l\000i\000f\000i\000c\000a\000t\000a\000\040\040\023\000\040\000F\000i\000l\000e\000\040\000d\000o\000p\000p\000i\000a\000\137\000p\000r\000e\000s\000a\000\137\000s\000e\000m\000p\000l\000i\000f\000i\000c\000a\000t\000a\000.\000g\000e\000o}{section.2.2}% 41
\BOOKMARK [1][-]{section.2.3}{\376\377\000R\000a\000f\000f\000i\000n\000a\000m\000e\000n\000t\000o\000\040\000M\000e\000s\000h}{chapter.2}% 42
\BOOKMARK [2][-]{subsection.2.3.1}{\376\377\000M\000e\000s\000h\000\040\000v\0001\000\040\040\023\000\040\000R\000a\000f\000f\000i\000n\000a\000m\000e\000n\000t\000o\000\040\000I\000n\000i\000z\000i\000a\000l\000e}{section.2.3}% 43
\BOOKMARK [1][-]{section.2.4}{\376\377\000C\000o\000n\000d\000i\000z\000i\000o\000n\000i\000\040\000a\000l\000\040\000C\000o\000n\000t\000o\000r\000n\000o\000\040\000e\000\040\000P\000a\000r\000a\000m\000e\000t\000r\000i\000\040\000d\000e\000l\000l\000a\000\040\000S\000i\000m\000u\000l\000a\000z\000i\000o\000n\000e}{chapter.2}% 44
\BOOKMARK [1][-]{section.2.5}{\376\377\000A\000n\000a\000l\000i\000s\000i\000\040\000d\000i\000\040\000C\000o\000n\000v\000e\000r\000g\000e\000n\000z\000a\000\040\000d\000e\000l\000l\000a\000\040\000G\000r\000i\000g\000l\000i\000a}{chapter.2}% 45
\BOOKMARK [2][-]{subsection.2.5.1}{\376\377\000C\000a\000m\000p\000o\000\040\000d\000i\000\040\000M\000a\000c\000h\000\040\000e\000\040\000S\000t\000r\000u\000t\000t\000u\000r\000a\000\040\000d\000e\000g\000l\000i\000\040\000U\000r\000t\000i}{section.2.5}% 46
\BOOKMARK [2][-]{subsection.2.5.2}{\376\377\000R\000i\000s\000u\000l\000t\000a\000t\000i\000\040\000d\000e\000l\000l\000'\000E\000s\000t\000r\000a\000p\000o\000l\000a\000z\000i\000o\000n\000e\000\040\000d\000i\000\040\000R\000i\000c\000h\000a\000r\000d\000s\000o\000n}{section.2.5}% 47
\BOOKMARK [1][-]{section.2.6}{\376\377\000C\000o\000n\000f\000r\000o\000n\000t\000o\000\040\000c\000o\000n\000\040\000D\000a\000t\000i\000\040\000S\000p\000e\000r\000i\000m\000e\000n\000t\000a\000l\000i}{chapter.2}% 48
\BOOKMARK [1][-]{section.2.7}{\376\377\000A\000n\000a\000l\000i\000s\000i\000\040\000c\000o\000n\000\040\000A\000N\000S\000Y\000S\000\040\000F\000l\000u\000e\000n\000t}{chapter.2}% 49
\BOOKMARK [2][-]{subsection.2.7.1}{\376\377\000G\000e\000o\000m\000e\000t\000r\000i\000a\000\040\000e\000\040\000M\000e\000s\000h\000\040\000i\000n\000\040\000A\000N\000S\000Y\000S}{section.2.7}% 50
\BOOKMARK [2][-]{subsection.2.7.2}{\376\377\000I\000m\000p\000o\000s\000t\000a\000z\000i\000o\000n\000i\000\040\000F\000l\000u\000e\000n\000t}{section.2.7}% 51
\BOOKMARK [0][-]{chapter.3}{\376\377\000P\000r\000o\000g\000e\000t\000t\000o\000\040\0003\000\040\040\023\000\040\000\050\000d\000a\000\040\000c\000o\000m\000p\000l\000e\000t\000a\000r\000e\000\051}{}% 52
\BOOKMARK [0][-]{chapter.4}{\376\377\000P\000r\000o\000g\000e\000t\000t\000o\000\040\0004\000\040\040\023\000\040\000\050\000d\000a\000\040\000c\000o\000m\000p\000l\000e\000t\000a\000r\000e\000\051}{}% 53
